<?xml version="1.0" encoding="UTF-8"?>
<testsuite xmlns:xsi="http://www.w3.org/2001/XMLSchema-instance" xsi:noNamespaceSchemaLocation="https://maven.apache.org/surefire/maven-surefire-plugin/xsd/surefire-test-report.xsd" version="3.0.2" name="com.backend.backend.BookingControllerTest" time="1.342" tests="4" errors="0" skipped="0" failures="0">
  <properties>
[...]
</properties>
  <testcase name="testPostBookingSad1_NotFoundUser" classname="com.backend.backend.BookingControllerTest" time="1.246">
    <system-out><![CDATA[2024-12-17T11:26:11.337+02:00  INFO 20332 --- [backend] [           main] o.s.mock.web.MockServletContext          : Initializing Spring TestDispatcherServlet ''
2024-12-17T11:26:11.338+02:00  INFO 20332 --- [backend] [           main] o.s.t.web.servlet.TestDispatcherServlet  : Initializing Servlet ''
2024-12-17T11:26:11.341+02:00  INFO 20332 --- [backend] [           main] o.s.t.web.servlet.TestDispatcherServlet  : Completed initialization in 1 ms
]]></system-out>
  </testcase>
  <testcase name="testPostBookingSad1_DuplicateBooking" classname="com.backend.backend.BookingControllerTest" time="0.035">
    <system-out><![CDATA[2024-12-17T11:26:12.226+02:00  INFO 20332 --- [backend] [           main] o.s.mock.web.MockServletContext          : Initializing Spring TestDispatcherServlet ''
2024-12-17T11:26:12.227+02:00  INFO 20332 --- [backend] [           main] o.s.t.web.servlet.TestDispatcherServlet  : Initializing Servlet ''
2024-12-17T11:26:12.227+02:00  INFO 20332 --- [backend] [           main] o.s.t.web.servlet.TestDispatcherServlet  : Completed initialization in 0 ms
]]></system-out>
  </testcase>
  <testcase name="testPostBookingHappy1" classname="com.backend.backend.BookingControllerTest" time="0.027">
    <system-out><![CDATA[2024-12-17T11:26:12.254+02:00  INFO 20332 --- [backend] [           main] o.s.mock.web.MockServletContext          : Initializing Spring TestDispatcherServlet ''
2024-12-17T11:26:12.255+02:00  INFO 20332 --- [backend] [           main] o.s.t.web.servlet.TestDispatcherServlet  : Initializing Servlet ''
2024-12-17T11:26:12.255+02:00  INFO 20332 --- [backend] [           main] o.s.t.web.servlet.TestDispatcherServlet  : Completed initialization in 0 ms
]]></system-out>
  </testcase>
  <testcase name="testPostBookingSad1_NotFoundDestination" classname="com.backend.backend.BookingControllerTest" time="0.024">
    <system-out><![CDATA[2024-12-17T11:26:12.283+02:00  INFO 20332 --- [backend] [           main] o.s.mock.web.MockServletContext          : Initializing Spring TestDispatcherServlet ''
2024-12-17T11:26:12.283+02:00  INFO 20332 --- [backend] [           main] o.s.t.web.servlet.TestDispatcherServlet  : Initializing Servlet ''
2024-12-17T11:26:12.284+02:00  INFO 20332 --- [backend] [           main] o.s.t.web.servlet.TestDispatcherServlet  : Completed initialization in 0 ms
]]></system-out>
  </testcase>
</testsuite>